#
# There is insufficient memory for the Java Runtime Environment to continue.
# Native memory allocation (mmap) failed to map 402653184 bytes for Failed to commit area from 0x0000000680c00000 to 0x0000000698c00000 of length 402653184.
# Possible reasons:
#   The system is out of physical RAM or swap space
#   The process is running with CompressedOops enabled, and the Java Heap may be blocking the growth of the native heap
# Possible solutions:
#   Reduce memory load on the system
#   Increase physical memory or swap space
#   Check if swap backing store is full
#   Decrease Java heap size (-Xmx/-Xms)
#   Decrease number of Java threads
#   Decrease Java thread stack sizes (-Xss)
#   Set larger code cache with -XX:ReservedCodeCacheSize=
# This output file may be truncated or incomplete.
#
#  Out of Memory Error (./src/hotspot/os/windows/os_windows.cpp:3619), pid=1272, tid=22868
#
# JRE version:  (11.0.13) (build )
# Java VM: OpenJDK 64-Bit Server VM (11.0.13+0-b1751.21-8125866, mixed mode, sharing, tiered, compressed oops, g1 gc, windows-amd64)
# No core dump will be written. Minidumps are not enabled by default on client versions of Windows
#

---------------  S U M M A R Y ------------

Command Line: 

Host: AMD Ryzen 7 3700X 8-Core Processor             , 16 cores, 23G,  Windows 10 , 64 bit Build 19041 (10.0.19041.2913)
Time: Sat May 13 01:09:01 2023 RTZ 3 (зима) elapsed time: 0.008000 seconds (0d 0h 0m 0s)

---------------  T H R E A D  ---------------

Current thread (0x00000171f358c000):  JavaThread "Unknown thread" [_thread_in_vm, id=22868, stack(0x00000057d3400000,0x00000057d3500000)]

Stack: [0x00000057d3400000,0x00000057d3500000]
Native frames: (J=compiled Java code, j=interpreted, Vv=VM code, C=native code)
V  [jvm.dll+0x6100fa]
V  [jvm.dll+0x747090]
V  [jvm.dll+0x7486ad]
V  [jvm.dll+0x748d83]
V  [jvm.dll+0x24ab48]
V  [jvm.dll+0x60d164]
V  [jvm.dll+0x601e75]
V  [jvm.dll+0x308bdb]
V  [jvm.dll+0x308b4a]
V  [jvm.dll+0x308a22]
V  [jvm.dll+0x30d986]
V  [jvm.dll+0x357093]
V  [jvm.dll+0x357796]
V  [jvm.dll+0x357193]
V  [jvm.dll+0x2e3448]
V  [jvm.dll+0x2e45f7]
V  [jvm.dll+0x7242e7]
V  [jvm.dll+0x725adc]
V  [jvm.dll+0x364629]
V  [jvm.dll+0x707cee]
V  [jvm.dll+0x3d2633]
V  [jvm.dll+0x3d4a21]
C  [jli.dll+0x536b]
C  [ucrtbase.dll+0x21bb2]
C  [KERNEL32.DLL+0x17614]
C  [ntdll.dll+0x526a1]


---------------  P R O C E S S  ---------------

Threads class SMR info:
_java_thread_list=0x00000171f1b42f70, length=0, elements={
}

Java Threads: ( => current thread )

Other Threads:
  0x00000171f35a4800 GCTaskThread "GC Thread#0" [stack: 0x00000057d3500000,0x00000057d3600000] [id=23992]
  0x00000171f362d000 ConcurrentGCThread "G1 Main Marker" [stack: 0x00000057d3600000,0x00000057d3700000] [id=19116]
  0x00000171f3630800 ConcurrentGCThread "G1 Conc#0" [stack: 0x00000057d3700000,0x00000057d3800000] [id=8868]

[error occurred during error reporting (printing all threads), id 0xc0000005, EXCEPTION_ACCESS_VIOLATION (0xc0000005) at pc=0x00007ffe4dae3dd7]

VM state:not at safepoint (not fully initialized)

VM Mutex/Monitor currently owned by a thread:  ([mutex/lock_event])
[0x00000171f3588710] Heap_lock - owner thread: 0x00000171f358c000

Heap address: 0x0000000680c00000, size: 6132 MB, Compressed Oops mode: Non-zero based: 0x0000000680c00000
Narrow klass base: 0x0000000000000000, Narrow klass shift: 0

GC Heap History (0 events):
No events

Deoptimization events (0 events):
No events

Classes redefined (0 events):
No events

Internal exceptions (0 events):
No events

Events (1 events):
Event: 0.004 Loaded shared library C:\Program Files\Android\Android Studio\jre\bin\zip.dll


Dynamic libraries:
0x00007ff770800000 - 0x00007ff77080a000 	C:\Program Files\Android\Android Studio\jre\bin\java.EXE
0x00007ffeabd10000 - 0x00007ffeabf08000 	C:\WINDOWS\SYSTEM32\ntdll.dll
0x00007ffeaaf80000 - 0x00007ffeab03f000 	C:\WINDOWS\System32\KERNEL32.DLL
0x00007ffea96f0000 - 0x00007ffea99e6000 	C:\WINDOWS\System32\KERNELBASE.dll
0x00007ffea9ac0000 - 0x00007ffea9bc0000 	C:\WINDOWS\System32\ucrtbase.dll
0x00007ffe88d00000 - 0x00007ffe88d19000 	C:\Program Files\Android\Android Studio\jre\bin\jli.dll
0x00007ffe86850000 - 0x00007ffe86867000 	C:\Program Files\Android\Android Studio\jre\bin\VCRUNTIME140.dll
0x00007ffea9ed0000 - 0x00007ffeaa06d000 	C:\WINDOWS\System32\USER32.dll
0x00007ffe8a870000 - 0x00007ffe8ab0a000 	C:\WINDOWS\WinSxS\amd64_microsoft.windows.common-controls_6595b64144ccf1df_6.0.19041.1110_none_60b5254171f9507e\COMCTL32.dll
0x00007ffea95a0000 - 0x00007ffea95c2000 	C:\WINDOWS\System32\win32u.dll
0x00007ffeaa140000 - 0x00007ffeaa1de000 	C:\WINDOWS\System32\msvcrt.dll
0x00007ffeaa280000 - 0x00007ffeaa2ac000 	C:\WINDOWS\System32\GDI32.dll
0x00007ffea95d0000 - 0x00007ffea96e5000 	C:\WINDOWS\System32\gdi32full.dll
0x00007ffea9a20000 - 0x00007ffea9abd000 	C:\WINDOWS\System32\msvcp_win.dll
0x00007ffeaa670000 - 0x00007ffeaa6a0000 	C:\WINDOWS\System32\IMM32.DLL
0x00007ffe844e0000 - 0x00007ffe8457d000 	C:\Program Files\Android\Android Studio\jre\bin\msvcp140.dll
0x00007ffe4d7f0000 - 0x00007ffe4e2f2000 	C:\Program Files\Android\Android Studio\jre\bin\server\jvm.dll
0x00007ffeaaeb0000 - 0x00007ffeaaf5f000 	C:\WINDOWS\System32\ADVAPI32.dll
0x00007ffeaa1e0000 - 0x00007ffeaa27c000 	C:\WINDOWS\System32\sechost.dll
0x00007ffeaabd0000 - 0x00007ffeaacf6000 	C:\WINDOWS\System32\RPCRT4.dll
0x00007ffeab110000 - 0x00007ffeab118000 	C:\WINDOWS\System32\PSAPI.DLL
0x00007ffea37f0000 - 0x00007ffea37f9000 	C:\WINDOWS\SYSTEM32\WSOCK32.dll
0x00007ffe93a80000 - 0x00007ffe93aa7000 	C:\WINDOWS\SYSTEM32\WINMM.dll
0x00007ffea2eb0000 - 0x00007ffea2eba000 	C:\WINDOWS\SYSTEM32\VERSION.dll
0x00007ffeab370000 - 0x00007ffeab3db000 	C:\WINDOWS\System32\WS2_32.dll
0x00007ffea7c60000 - 0x00007ffea7c72000 	C:\WINDOWS\SYSTEM32\kernel.appcore.dll
0x00007ffe854c0000 - 0x00007ffe854d1000 	C:\Program Files\Android\Android Studio\jre\bin\verify.dll
0x00007ffea7a50000 - 0x00007ffea7c34000 	C:\WINDOWS\SYSTEM32\DBGHELP.DLL
0x00007ffea1a70000 - 0x00007ffea1aa4000 	C:\WINDOWS\SYSTEM32\dbgcore.DLL
0x00007ffea9bc0000 - 0x00007ffea9c42000 	C:\WINDOWS\System32\bcryptPrimitives.dll
0x00007ffe85490000 - 0x00007ffe854b9000 	C:\Program Files\Android\Android Studio\jre\bin\java.dll
0x00007ffea3070000 - 0x00007ffea307b000 	C:\Program Files\Android\Android Studio\jre\bin\jimage.dll
0x00007ffe85470000 - 0x00007ffe85488000 	C:\Program Files\Android\Android Studio\jre\bin\zip.dll

dbghelp: loaded successfully - version: 4.0.5 - missing functions: none
symbol engine: initialized successfully - sym options: 0x614 - pdb path: .;C:\Program Files\Android\Android Studio\jre\bin;C:\WINDOWS\SYSTEM32;C:\WINDOWS\WinSxS\amd64_microsoft.windows.common-controls_6595b64144ccf1df_6.0.19041.1110_none_60b5254171f9507e;C:\Program Files\Android\Android Studio\jre\bin\server

VM Arguments:
java_command: <unknown>
java_class_path (initial): <not set>
Launcher Type: SUN_STANDARD

[Global flags]
     intx CICompilerCount                          = 12                                        {product} {ergonomic}
     uint ConcGCThreads                            = 3                                         {product} {ergonomic}
     uint G1ConcRefinementThreads                  = 13                                        {product} {ergonomic}
   size_t G1HeapRegionSize                         = 1048576                                   {product} {ergonomic}
    uintx GCDrainStackTargetSize                   = 64                                        {product} {ergonomic}
   size_t InitialHeapSize                          = 402653184                                 {product} {ergonomic}
   size_t MarkStackSize                            = 4194304                                   {product} {ergonomic}
   size_t MaxHeapSize                              = 6429868032                                {product} {ergonomic}
   size_t MinHeapDeltaBytes                        = 1048576                                   {product} {ergonomic}
    uintx NonNMethodCodeHeapSize                   = 7594288                                {pd product} {ergonomic}
    uintx NonProfiledCodeHeapSize                  = 122031976                              {pd product} {ergonomic}
    uintx ProfiledCodeHeapSize                     = 122031976                              {pd product} {ergonomic}
    uintx ReservedCodeCacheSize                    = 251658240                              {pd product} {ergonomic}
     bool SegmentedCodeCache                       = true                                      {product} {ergonomic}
     bool UseCompressedClassPointers               = true                                 {lp64_product} {ergonomic}
     bool UseCompressedOops                        = true                                 {lp64_product} {ergonomic}
     bool UseG1GC                                  = true                                      {product} {ergonomic}
     bool UseLargePagesIndividualAllocation        = false                                  {pd product} {ergonomic}

Logging:
Log output configuration:
 #0: stdout all=warning uptime,level,tags
 #1: stderr all=off uptime,level,tags

Environment Variables:
PATH=C:\Windows\system32;C:\Windows;C:\Windows\System32\Wbem;C:\Windows\System32\WindowsPowerShell\v1.0\;C:\Windows\System32\OpenSSH\;C:\Program Files (x86)\NVIDIA Corporation\PhysX\Common;C:\Program Files\NVIDIA Corporation\NVIDIA NvDLISR;C:\WINDOWS\system32;C:\WINDOWS;C:\WINDOWS\System32\Wbem;C:\WINDOWS\System32\WindowsPowerShell\v1.0\;C:\WINDOWS\System32\OpenSSH\;C:\Program Files\dotnet\;C:\Users\Ragnoir\Documents\flutter\bin;C:\Users\Ragnoir\Documents\flutter\.pub-cache\bin;C:\Program Files\Go\bin;C:\TDM-GCC-64\bin;C:\Program Files\Git\cmd;C:\Users\Ragnoir\AppData\Local\Programs\Python\Python310\Scripts\;C:\Users\Ragnoir\AppData\Local\Programs\Python\Python310\;C:\Users\Ragnoir\AppData\Local\Microsoft\WindowsApps;C:\Users\Ragnoir\Documents\flutter\bin;C:\Users\Ragnoir\AppData\Local\Programs\Microsoft VS Code\bin;C:\Users\Ragnoir\Documents\flutter\.pub-cache\bin;C:\Users\Ragnoir\go\bin;C:\Users\Ragnoir\Documents\flutter\bin\mingit\cmd
USERNAME=Ragnoir
OS=Windows_NT
PROCESSOR_IDENTIFIER=AMD64 Family 23 Model 113 Stepping 0, AuthenticAMD



---------------  S Y S T E M  ---------------

OS: Windows 10 , 64 bit Build 19041 (10.0.19041.2913)
OS uptime: 0 days 5:02 hours

CPU:total 16 (initial active 16) (16 cores per cpu, 2 threads per core) family 23 model 113 stepping 0 microcode 0x0, cmov, cx8, fxsr, mmx, sse, sse2, sse3, ssse3, sse4.1, sse4.2, popcnt, avx, avx2, aes, clmul, mmxext, 3dnowpref, lzcnt, sse4a, ht, tsc, tscinvbit, tscinv, bmi1, bmi2, adx, sha, fma

Memory: 4k page, system-wide physical 24524M (7725M free)
TotalPageFile size 44524M (AvailPageFile size 47M)
current process WorkingSet (physical memory assigned to process): 10M, peak: 10M
current process commit charge ("private bytes"): 72M, peak: 456M

vm_info: OpenJDK 64-Bit Server VM (11.0.13+0-b1751.21-8125866) for windows-amd64 JRE (11.0.13+0-b1751.21-8125866), built on Feb  2 2022 03:00:22 by "builder" with MS VC++ 14.0 (VS2015)

END.
